<?xml version="1.0" encoding="UTF-8"?>
<!-- Generated by org.testng.reporters.JUnitReportReporter -->
<testsuite hostname="DESKTOP-DKGOJOA" failures="0" tests="1" name="com.Runner.Runner_Pizzahut" time="38.307" errors="0" timestamp="2024-03-13T11:52:10 IST" skipped="0">
  <testcase classname="com.Runner.Runner_Pizzahut" name="runScenario" time="38.307"/>
</testsuite> <!-- com.Runner.Runner_Pizzahut -->
